<?xml version="1.0" encoding="UTF-8"?>
<testsuite xmlns:xsi="http://www.w3.org/2001/XMLSchema-instance" xsi:noNamespaceSchemaLocation="https://maven.apache.org/surefire/maven-surefire-plugin/xsd/surefire-test-report.xsd" name="com.mkyong.web.TestWelcome" time="13.171" tests="2" errors="0" skipped="0" failures="0">
  <properties>
    <property name="sun.desktop" value="windows"/>
    <property name="awt.toolkit" value="sun.awt.windows.WToolkit"/>
    <property name="file.encoding.pkg" value="sun.io"/>
    <property name="java.specification.version" value="1.8"/>
    <property name="sun.cpu.isalist" value="amd64"/>
    <property name="sun.jnu.encoding" value="Cp1252"/>
    <property name="java.class.path" value="F:\devops\2021-10-29 15.08.36 Murali Krishna&apos;s Personal Meeting Room\java-web-project\target\test-classes;F:\devops\2021-10-29 15.08.36 Murali Krishna&apos;s Personal Meeting Room\java-web-project\target\classes;F:\devops\day17maven\localrepo\org\springframework\spring-webmvc\5.1.0.RELEASE\spring-webmvc-5.1.0.RELEASE.jar;F:\devops\day17maven\localrepo\org\springframework\spring-aop\5.1.0.RELEASE\spring-aop-5.1.0.RELEASE.jar;F:\devops\day17maven\localrepo\org\springframework\spring-beans\5.1.0.RELEASE\spring-beans-5.1.0.RELEASE.jar;F:\devops\day17maven\localrepo\org\springframework\spring-context\5.1.0.RELEASE\spring-context-5.1.0.RELEASE.jar;F:\devops\day17maven\localrepo\org\springframework\spring-core\5.1.0.RELEASE\spring-core-5.1.0.RELEASE.jar;F:\devops\day17maven\localrepo\org\springframework\spring-jcl\5.1.0.RELEASE\spring-jcl-5.1.0.RELEASE.jar;F:\devops\day17maven\localrepo\org\springframework\spring-expression\5.1.0.RELEASE\spring-expression-5.1.0.RELEASE.jar;F:\devops\day17maven\localrepo\org\springframework\spring-web\5.1.0.RELEASE\spring-web-5.1.0.RELEASE.jar;F:\devops\day17maven\localrepo\org\springframework\spring-test\5.1.0.RELEASE\spring-test-5.1.0.RELEASE.jar;F:\devops\day17maven\localrepo\ch\qos\logback\logback-classic\1.2.3\logback-classic-1.2.3.jar;F:\devops\day17maven\localrepo\ch\qos\logback\logback-core\1.2.3\logback-core-1.2.3.jar;F:\devops\day17maven\localrepo\org\slf4j\slf4j-api\1.7.25\slf4j-api-1.7.25.jar;F:\devops\day17maven\localrepo\org\junit\jupiter\junit-jupiter-engine\5.3.1\junit-jupiter-engine-5.3.1.jar;F:\devops\day17maven\localrepo\org\apiguardian\apiguardian-api\1.0.0\apiguardian-api-1.0.0.jar;F:\devops\day17maven\localrepo\org\junit\platform\junit-platform-engine\1.3.1\junit-platform-engine-1.3.1.jar;F:\devops\day17maven\localrepo\org\junit\platform\junit-platform-commons\1.3.1\junit-platform-commons-1.3.1.jar;F:\devops\day17maven\localrepo\org\opentest4j\opentest4j\1.1.1\opentest4j-1.1.1.jar;F:\devops\day17maven\localrepo\org\junit\jupiter\junit-jupiter-api\5.3.1\junit-jupiter-api-5.3.1.jar;F:\devops\day17maven\localrepo\org\hamcrest\hamcrest-library\1.3\hamcrest-library-1.3.jar;F:\devops\day17maven\localrepo\org\hamcrest\hamcrest-core\1.3\hamcrest-core-1.3.jar;F:\devops\day17maven\localrepo\javax\servlet\javax.servlet-api\3.1.0\javax.servlet-api-3.1.0.jar;F:\devops\day17maven\localrepo\javax\servlet\jstl\1.2\jstl-1.2.jar;"/>
    <property name="java.vm.vendor" value="Amazon.com Inc."/>
    <property name="sun.arch.data.model" value="64"/>
    <property name="user.variant" value=""/>
    <property name="java.vendor.url" value="https://aws.amazon.com/corretto/"/>
    <property name="user.timezone" value="Asia/Calcutta"/>
    <property name="java.vm.specification.version" value="1.8"/>
    <property name="os.name" value="Windows 10"/>
    <property name="user.country" value="US"/>
    <property name="sun.java.launcher" value="SUN_STANDARD"/>
    <property name="sun.boot.library.path" value="F:\devops\day17maven\java 1.8\jdk1.8.0_312\jre\bin"/>
    <property name="sun.java.command" value="C:\Users\Shrikant\AppData\Local\Temp\surefire2117893945133292264\surefirebooter8143089057700688482.jar C:\Users\Shrikant\AppData\Local\Temp\surefire2117893945133292264 2022-02-10T11-58-42_586-jvmRun1 surefire7127684108249678590tmp surefire_02456332352091928174tmp"/>
    <property name="surefire.test.class.path" value="F:\devops\2021-10-29 15.08.36 Murali Krishna&apos;s Personal Meeting Room\java-web-project\target\test-classes;F:\devops\2021-10-29 15.08.36 Murali Krishna&apos;s Personal Meeting Room\java-web-project\target\classes;F:\devops\day17maven\localrepo\org\springframework\spring-webmvc\5.1.0.RELEASE\spring-webmvc-5.1.0.RELEASE.jar;F:\devops\day17maven\localrepo\org\springframework\spring-aop\5.1.0.RELEASE\spring-aop-5.1.0.RELEASE.jar;F:\devops\day17maven\localrepo\org\springframework\spring-beans\5.1.0.RELEASE\spring-beans-5.1.0.RELEASE.jar;F:\devops\day17maven\localrepo\org\springframework\spring-context\5.1.0.RELEASE\spring-context-5.1.0.RELEASE.jar;F:\devops\day17maven\localrepo\org\springframework\spring-core\5.1.0.RELEASE\spring-core-5.1.0.RELEASE.jar;F:\devops\day17maven\localrepo\org\springframework\spring-jcl\5.1.0.RELEASE\spring-jcl-5.1.0.RELEASE.jar;F:\devops\day17maven\localrepo\org\springframework\spring-expression\5.1.0.RELEASE\spring-expression-5.1.0.RELEASE.jar;F:\devops\day17maven\localrepo\org\springframework\spring-web\5.1.0.RELEASE\spring-web-5.1.0.RELEASE.jar;F:\devops\day17maven\localrepo\org\springframework\spring-test\5.1.0.RELEASE\spring-test-5.1.0.RELEASE.jar;F:\devops\day17maven\localrepo\ch\qos\logback\logback-classic\1.2.3\logback-classic-1.2.3.jar;F:\devops\day17maven\localrepo\ch\qos\logback\logback-core\1.2.3\logback-core-1.2.3.jar;F:\devops\day17maven\localrepo\org\slf4j\slf4j-api\1.7.25\slf4j-api-1.7.25.jar;F:\devops\day17maven\localrepo\org\junit\jupiter\junit-jupiter-engine\5.3.1\junit-jupiter-engine-5.3.1.jar;F:\devops\day17maven\localrepo\org\apiguardian\apiguardian-api\1.0.0\apiguardian-api-1.0.0.jar;F:\devops\day17maven\localrepo\org\junit\platform\junit-platform-engine\1.3.1\junit-platform-engine-1.3.1.jar;F:\devops\day17maven\localrepo\org\junit\platform\junit-platform-commons\1.3.1\junit-platform-commons-1.3.1.jar;F:\devops\day17maven\localrepo\org\opentest4j\opentest4j\1.1.1\opentest4j-1.1.1.jar;F:\devops\day17maven\localrepo\org\junit\jupiter\junit-jupiter-api\5.3.1\junit-jupiter-api-5.3.1.jar;F:\devops\day17maven\localrepo\org\hamcrest\hamcrest-library\1.3\hamcrest-library-1.3.jar;F:\devops\day17maven\localrepo\org\hamcrest\hamcrest-core\1.3\hamcrest-core-1.3.jar;F:\devops\day17maven\localrepo\javax\servlet\javax.servlet-api\3.1.0\javax.servlet-api-3.1.0.jar;F:\devops\day17maven\localrepo\javax\servlet\jstl\1.2\jstl-1.2.jar;"/>
    <property name="sun.cpu.endian" value="little"/>
    <property name="user.home" value="C:\Users\Shrikant"/>
    <property name="user.language" value="en"/>
    <property name="java.specification.vendor" value="Oracle Corporation"/>
    <property name="java.home" value="F:\devops\day17maven\java 1.8\jdk1.8.0_312\jre"/>
    <property name="basedir" value="F:\devops\2021-10-29 15.08.36 Murali Krishna&apos;s Personal Meeting Room\java-web-project"/>
    <property name="file.separator" value="\"/>
    <property name="line.separator" value="&#10;"/>
    <property name="java.vm.specification.vendor" value="Oracle Corporation"/>
    <property name="java.specification.name" value="Java Platform API Specification"/>
    <property name="java.awt.graphicsenv" value="sun.awt.Win32GraphicsEnvironment"/>
    <property name="surefire.real.class.path" value="C:\Users\Shrikant\AppData\Local\Temp\surefire2117893945133292264\surefirebooter8143089057700688482.jar"/>
    <property name="sun.boot.class.path" value="F:\devops\day17maven\java 1.8\jdk1.8.0_312\jre\lib\resources.jar;F:\devops\day17maven\java 1.8\jdk1.8.0_312\jre\lib\rt.jar;F:\devops\day17maven\java 1.8\jdk1.8.0_312\jre\lib\sunrsasign.jar;F:\devops\day17maven\java 1.8\jdk1.8.0_312\jre\lib\jsse.jar;F:\devops\day17maven\java 1.8\jdk1.8.0_312\jre\lib\jce.jar;F:\devops\day17maven\java 1.8\jdk1.8.0_312\jre\lib\charsets.jar;F:\devops\day17maven\java 1.8\jdk1.8.0_312\jre\lib\jfr.jar;F:\devops\day17maven\java 1.8\jdk1.8.0_312\jre\classes"/>
    <property name="user.script" value=""/>
    <property name="sun.management.compiler" value="HotSpot 64-Bit Tiered Compilers"/>
    <property name="java.runtime.version" value="1.8.0_312-b07"/>
    <property name="user.name" value="Shrikant"/>
    <property name="path.separator" value=";"/>
    <property name="os.version" value="10.0"/>
    <property name="java.endorsed.dirs" value="F:\devops\day17maven\java 1.8\jdk1.8.0_312\jre\lib\endorsed"/>
    <property name="java.runtime.name" value="OpenJDK Runtime Environment"/>
    <property name="file.encoding" value="Cp1252"/>
    <property name="java.vm.name" value="OpenJDK 64-Bit Server VM"/>
    <property name="localRepository" value="F:\devops\day17maven\localrepo"/>
    <property name="java.vendor.url.bug" value="https://github.com/corretto/corretto-8/issues/"/>
    <property name="java.io.tmpdir" value="C:\Users\Shrikant\AppData\Local\Temp\"/>
    <property name="java.version" value="1.8.0_312"/>
    <property name="user.dir" value="F:\devops\2021-10-29 15.08.36 Murali Krishna&apos;s Personal Meeting Room\java-web-project"/>
    <property name="os.arch" value="amd64"/>
    <property name="java.vm.specification.name" value="Java Virtual Machine Specification"/>
    <property name="java.awt.printerjob" value="sun.awt.windows.WPrinterJob"/>
    <property name="sun.os.patch.level" value=""/>
    <property name="java.library.path" value="F:\devops\day17maven\java 1.8\jdk1.8.0_312\jre\bin;C:\WINDOWS\Sun\Java\bin;C:\WINDOWS\system32;C:\WINDOWS;C:\ProgramData\Oracle\Java\javapath;C:\Program Files (x86)\Intel\iCLS Client\;C:\Program Files\Intel\iCLS Client\;C:\WINDOWS\system32;C:\WINDOWS;C:\WINDOWS\System32\Wbem;C:\WINDOWS\System32\WindowsPowerShell\v1.0\;C:\Program Files (x86)\Intel\Intel(R) Management Engine Components\DAL;C:\Program Files\Intel\Intel(R) Management Engine Components\DAL;C:\Program Files (x86)\Intel\Intel(R) Management Engine Components\IPT;C:\Program Files\Intel\Intel(R) Management Engine Components\IPT;C:\Program Files\Intel\WiFi\bin\;C:\Program Files\Common Files\Intel\WirelessCommon\;C:\WINDOWS\System32\OpenSSH\;C:\Program Files\Git\cmd;C:\Users\Shrikant\AppData\Local\Programs\Python\Python36\Scripts\;C:\Users\Shrikant\AppData\Local\Programs\Python\Python36\;C:\Program Files\Java\jdk-9.0.1\bin;C:\Users\Shrikant\AppData\Local\Microsoft\WindowsApps;F:\devops\day17maven\java 1.8\jdk1.8.0_312\bin;F:\devops\day17maven\maven\apache-maven-3.8.3\bin;;."/>
    <property name="java.vm.info" value="mixed mode"/>
    <property name="java.vendor" value="Amazon.com Inc."/>
    <property name="java.vm.version" value="25.312-b07"/>
    <property name="java.ext.dirs" value="F:\devops\day17maven\java 1.8\jdk1.8.0_312\jre\lib\ext;C:\WINDOWS\Sun\Java\lib\ext"/>
    <property name="sun.io.unicode.encoding" value="UnicodeLittle"/>
    <property name="java.class.version" value="52.0"/>
  </properties>
  <testcase name="testAbc" classname="com.mkyong.web.TestWelcome" time="0.185"/>
  <testcase name="testWelcome" classname="com.mkyong.web.TestWelcome" time="1.325"/>
</testsuite>